E:\Program Files (x86)\Microsoft Visual Studio\2019\Community\MSBuild\Microsoft\VC\v160\Microsoft.CppBuild.targets(499,5): warning MSB8004: Output Directory does not end with a trailing slash.  This build instance will add the slash as it is required to allow proper evaluation of the Output Directory.
  game.cpp
  main.cpp
D:\Users\Dion\Documents\Programming\C++\Chess_SGG\Chess_SGG\main.cpp(14,24): warning C4100: 'ms': unreferenced formal parameter
D:\Users\Dion\Documents\Programming\C++\Chess_SGG\Chess_SGG\main.cpp(27,24): warning C4100: 'ms': unreferenced formal parameter
D:\Users\Dion\Documents\Programming\C++\Chess_SGG\Chess_SGG\main.cpp(36,39): warning C4244: 'argument': conversion from 'const float' to 'int', possible loss of data
D:\Users\Dion\Documents\Programming\C++\Chess_SGG\Chess_SGG\main.cpp(36,25): warning C4244: 'argument': conversion from 'const float' to 'int', possible loss of data
D:\Users\Dion\Documents\Programming\C++\Chess_SGG\Chess_SGG\main.cpp(34,27): warning C4100: 'argv': unreferenced formal parameter
D:\Users\Dion\Documents\Programming\C++\Chess_SGG\Chess_SGG\main.cpp(34,14): warning C4100: 'argc': unreferenced formal parameter
  menu.cpp
D:\Users\Dion\Documents\Programming\C++\Chess_SGG\Chess_SGG\menu.cpp(27,76): warning C4305: 'argument': truncation from 'double' to 'float'
  player.cpp
  Generating Code...
sggd.lib(AudioManager.obj) : warning LNK4099: PDB 'sggd.pdb' was not found with 'sggd.lib(AudioManager.obj)' or at 'D:\Users\Dion\Documents\Programming\C++\Chess_SGG\Chess_SGG\bin\sggd.pdb'; linking object as if no debug info
sggd.lib(fonts.obj) : warning LNK4099: PDB 'sggd.pdb' was not found with 'sggd.lib(fonts.obj)' or at 'D:\Users\Dion\Documents\Programming\C++\Chess_SGG\Chess_SGG\bin\sggd.pdb'; linking object as if no debug info
sggd.lib(GLbackend.obj) : warning LNK4099: PDB 'sggd.pdb' was not found with 'sggd.lib(GLbackend.obj)' or at 'D:\Users\Dion\Documents\Programming\C++\Chess_SGG\Chess_SGG\bin\sggd.pdb'; linking object as if no debug info
sggd.lib(graphics.obj) : warning LNK4099: PDB 'sggd.pdb' was not found with 'sggd.lib(graphics.obj)' or at 'D:\Users\Dion\Documents\Programming\C++\Chess_SGG\Chess_SGG\bin\sggd.pdb'; linking object as if no debug info
sggd.lib(lodepng.obj) : warning LNK4099: PDB 'sggd.pdb' was not found with 'sggd.lib(lodepng.obj)' or at 'D:\Users\Dion\Documents\Programming\C++\Chess_SGG\Chess_SGG\bin\sggd.pdb'; linking object as if no debug info
sggd.lib(shader.obj) : warning LNK4099: PDB 'sggd.pdb' was not found with 'sggd.lib(shader.obj)' or at 'D:\Users\Dion\Documents\Programming\C++\Chess_SGG\Chess_SGG\bin\sggd.pdb'; linking object as if no debug info
sggd.lib(texture.obj) : warning LNK4099: PDB 'sggd.pdb' was not found with 'sggd.lib(texture.obj)' or at 'D:\Users\Dion\Documents\Programming\C++\Chess_SGG\Chess_SGG\bin\sggd.pdb'; linking object as if no debug info
  Chess_SGG.vcxproj -> D:\Users\Dion\Documents\Programming\C++\Chess_SGG\Chess_SGG\bin\Chess_SGG_debug.exe
